[    0.000000] Linux version 4.15.0-163-generic (buildd@lcy01-amd64-021) (gcc version 7.5.0 (Ubuntu 7.5.0-3ubuntu1~18.04)) #171-Ubuntu SMP Fri Nov 5 11:55:11 UTC 2021 (Ubuntu 4.15.0-163.171-generic 4.15.18)
[    0.000000] Command line: BOOT_IMAGE=/boot/vmlinuz-4.15.0-163-generic root=LABEL=cloudimg-rootfs ro console=tty1 console=ttyS0
[    0.000000] KERNEL supported cpus:
[    0.000000]   Intel GenuineIntel
[    0.000000]   AMD AuthenticAMD
[    0.000000]   Centaur CentaurHauls
[    0.000000] x86/fpu: Supporting XSAVE feature 0x001: 'x87 floating point registers'
[    0.000000] x86/fpu: Supporting XSAVE feature 0x002: 'SSE registers'
[    0.000000] x86/fpu: Supporting XSAVE feature 0x004: 'AVX registers'
[    0.000000] x86/fpu: xstate_offset[2]:  576, xstate_sizes[2]:  256
[    0.000000] x86/fpu: Enabled xstate features 0x7, context size is 832 bytes, using 'standard' format.
[    0.000000] e820: BIOS-provided physical RAM map:
[    0.000000] BIOS-e820: [mem 0x0000000000000000-0x000000000009fbff] usable
[    0.000000] BIOS-e820: [mem 0x000000000009fc00-0x000000000009ffff] reserved
[    0.000000] BIOS-e820: [mem 0x00000000000f0000-0x00000000000fffff] reserved
[    0.000000] BIOS-e820: [mem 0x0000000000100000-0x000000001ffeffff] usable
[    0.000000] BIOS-e820: [mem 0x000000001fff0000-0x000000001fffffff] ACPI data
[    0.000000] BIOS-e820: [mem 0x00000000fec00000-0x00000000fec00fff] reserved
[    0.000000] BIOS-e820: [mem 0x00000000fee00000-0x00000000fee00fff] reserved
[    0.000000] BIOS-e820: [mem 0x00000000fffc0000-0x00000000ffffffff] reserved
[    0.000000] NX (Execute Disable) protection: active
[    0.000000] SMBIOS 2.5 present.
[    0.000000] DMI: innotek GmbH VirtualBox/VirtualBox, BIOS VirtualBox 12/01/2006
[    0.000000] Hypervisor detected: KVM
[    0.000000] e820: last_pfn = 0x1fff0 max_arch_pfn = 0x400000000
[    0.000000] MTRR: Disabled
[    0.000000] x86/PAT: MTRRs disabled, skipping PAT initialization too.
[    0.000000] CPU MTRRs all blank - virtualized system.
[    0.000000] x86/PAT: Configuration [0-7]: WB  WT  UC- UC  WB  WT  UC- UC  
[    0.000000] found SMP MP-table at [mem 0x0009fff0-0x0009ffff]
[    0.000000] Scanning 1 areas for low memory corruption
[    0.000000] RAMDISK: [mem 0x1db72000-0x1ee85fff]
[    0.000000] ACPI: Early table checksum verification disabled
[    0.000000] ACPI: RSDP 0x00000000000E0000 000024 (v02 VBOX  )
[    0.000000] ACPI: XSDT 0x000000001FFF0030 00003C (v01 VBOX   VBOXXSDT 00000001 ASL  00000061)
[    0.000000] ACPI: FACP 0x000000001FFF00F0 0000F4 (v04 VBOX   VBOXFACP 00000001 ASL  00000061)
[    0.000000] ACPI: DSDT 0x000000001FFF0470 002325 (v02 VBOX   VBOXBIOS 00000002 INTL 20200925)
[    0.000000] ACPI: FACS 0x000000001FFF0200 000040
[    0.000000] ACPI: FACS 0x000000001FFF0200 000040
[    0.000000] ACPI: APIC 0x000000001FFF0240 000054 (v02 VBOX   VBOXAPIC 00000001 ASL  00000061)
[    0.000000] ACPI: SSDT 0x000000001FFF02A0 0001CC (v01 VBOX   VBOXCPUT 00000002 INTL 20200925)
[    0.000000] ACPI: Reserving FACP table memory at [mem 0x1fff00f0-0x1fff01e3]
[    0.000000] ACPI: Reserving DSDT table memory at [mem 0x1fff0470-0x1fff2794]
[    0.000000] ACPI: Reserving FACS table memory at [mem 0x1fff0200-0x1fff023f]
[    0.000000] ACPI: Reserving FACS table memory at [mem 0x1fff0200-0x1fff023f]
[    0.000000] ACPI: Reserving APIC table memory at [mem 0x1fff0240-0x1fff0293]
[    0.000000] ACPI: Reserving SSDT table memory at [mem 0x1fff02a0-0x1fff046b]
[    0.000000] No NUMA configuration found
[    0.000000] Faking a node at [mem 0x0000000000000000-0x000000001ffeffff]
[    0.000000] NODE_DATA(0) allocated [mem 0x1ffc5000-0x1ffeffff]
[    0.000000] kvm-clock: cpu 0, msr 0:1ff44001, primary cpu clock
[    0.000000] kvm-clock: Using msrs 4b564d01 and 4b564d00
[    0.000000] kvm-clock: using sched offset of 3925939155 cycles
[    0.000000] clocksource: kvm-clock: mask: 0xffffffffffffffff max_cycles: 0x1cd42e4dffb, max_idle_ns: 881590591483 ns
[    0.000000] Zone ranges:
[    0.000000]   DMA      [mem 0x0000000000001000-0x0000000000ffffff]
[    0.000000]   DMA32    [mem 0x0000000001000000-0x000000001ffeffff]
[    0.000000]   Normal   empty
[    0.000000]   Device   empty
[    0.000000] Movable zone start for each node
[    0.000000] Early memory node ranges
[    0.000000]   node   0: [mem 0x0000000000001000-0x000000000009efff]
[    0.000000]   node   0: [mem 0x0000000000100000-0x000000001ffeffff]
[    0.000000] Reserved but unavailable: 104 pages
[    0.000000] Initmem setup node 0 [mem 0x0000000000001000-0x000000001ffeffff]
[    0.000000] ACPI: PM-Timer IO Port: 0x4008
[    0.000000] IOAPIC[0]: apic_id 1, version 32, address 0xfec00000, GSI 0-23
[    0.000000] ACPI: INT_SRC_OVR (bus 0 bus_irq 0 global_irq 2 dfl dfl)
[    0.000000] ACPI: INT_SRC_OVR (bus 0 bus_irq 9 global_irq 9 low level)
[    0.000000] Using ACPI (MADT) for SMP configuration information
[    0.000000] smpboot: Allowing 1 CPUs, 0 hotplug CPUs
[    0.000000] PM: Registered nosave memory: [mem 0x00000000-0x00000fff]
[    0.000000] PM: Registered nosave memory: [mem 0x0009f000-0x0009ffff]
[    0.000000] PM: Registered nosave memory: [mem 0x000a0000-0x000effff]
[    0.000000] PM: Registered nosave memory: [mem 0x000f0000-0x000fffff]
[    0.000000] e820: [mem 0x20000000-0xfebfffff] available for PCI devices
[    0.000000] Booting paravirtualized kernel on KVM
[    0.000000] clocksource: refined-jiffies: mask: 0xffffffff max_cycles: 0xffffffff, max_idle_ns: 7645519600211568 ns
[    0.000000] random: get_random_bytes called from start_kernel+0x99/0x500 with crng_init=0
[    0.000000] setup_percpu: NR_CPUS:8192 nr_cpumask_bits:1 nr_cpu_ids:1 nr_node_ids:1
[    0.000000] percpu: Embedded 45 pages/cpu s147456 r8192 d28672 u2097152
[    0.000000] PV qspinlock hash table entries: 256 (order: 0, 4096 bytes)
[    0.000000] Built 1 zonelists, mobility grouping on.  Total pages: 128889
[    0.000000] Policy zone: DMA32
[    0.000000] Kernel command line: BOOT_IMAGE=/boot/vmlinuz-4.15.0-163-generic root=LABEL=cloudimg-rootfs ro console=tty1 console=ttyS0
[    0.000000] Memory: 466784K/523832K available (12300K kernel code, 2483K rwdata, 4320K rodata, 2448K init, 2724K bss, 57048K reserved, 0K cma-reserved)
[    0.000000] SLUB: HWalign=64, Order=0-3, MinObjects=0, CPUs=1, Nodes=1
[    0.000000] Kernel/User page tables isolation: enabled
[    0.000000] ftrace: allocating 39476 entries in 155 pages
[    0.004000] Hierarchical RCU implementation.
[    0.004000] 	RCU restricting CPUs from NR_CPUS=8192 to nr_cpu_ids=1.
[    0.004000] 	Tasks RCU enabled.
[    0.004000] RCU: Adjusting geometry for rcu_fanout_leaf=16, nr_cpu_ids=1
[    0.004000] NR_IRQS: 524544, nr_irqs: 256, preallocated irqs: 16
[    0.004000] Console: colour VGA+ 80x25
[    0.004000] console [tty1] enabled
[    0.004000] console [ttyS0] enabled
[    0.004000] ACPI: Core revision 20170831
[    0.004000] ACPI: 2 ACPI AML tables successfully acquired and loaded
[    0.004000] APIC: Switch to symmetric I/O mode setup
[    0.004000] x2apic enabled
[    0.004000] Switched APIC routing to physical x2apic.
[    0.004000] ..TIMER: vector=0x30 apic1=0 pin1=2 apic2=-1 pin2=-1
[    0.004008] tsc: Detected 2711.998 MHz processor
[    0.008014] Calibrating delay loop (skipped) preset value.. 5423.99 BogoMIPS (lpj=10847992)
[    0.012007] pid_max: default: 32768 minimum: 301
[    0.013005] Security Framework initialized
[    0.016005] Yama: becoming mindful.
[    0.016773] AppArmor: AppArmor initialized
[    0.018945] Dentry cache hash table entries: 65536 (order: 7, 524288 bytes)
[    0.020046] Inode-cache hash table entries: 32768 (order: 6, 262144 bytes)
[    0.021468] Mount-cache hash table entries: 1024 (order: 1, 8192 bytes)
[    0.024012] Mountpoint-cache hash table entries: 1024 (order: 1, 8192 bytes)
[    0.025685] process: using mwait in idle threads
[    0.026788] Last level iTLB entries: 4KB 64, 2MB 8, 4MB 8
[    0.027865] Last level dTLB entries: 4KB 64, 2MB 0, 4MB 0, 1GB 4
[    0.028006] Spectre V1 : Mitigation: usercopy/swapgs barriers and __user pointer sanitization
[    0.029864] Spectre V2 : Mitigation: Full generic retpoline
[    0.032005] Spectre V2 : Spectre v2 / SpectreRSB mitigation: Filling RSB on context switch
[    0.033877] Speculative Store Bypass: Vulnerable
[    0.036055] SRBDS: Unknown: Dependent on hypervisor status
[    0.037208] MDS: Mitigation: Clear CPU buffers
[    0.053629] Freeing SMP alternatives memory: 36K
[    0.165100] smpboot: CPU0: Intel(R) Core(TM) i5-7200U CPU @ 2.50GHz (family: 0x6, model: 0x8e, stepping: 0x9)
[    0.168080] Performance Events: unsupported p6 CPU model 142 no PMU driver, software events only.
[    0.172079] Hierarchical SRCU implementation.
[    0.174289] NMI watchdog: Perf event create on CPU 0 failed with -2
[    0.176007] NMI watchdog: Perf NMI watchdog permanently disabled
[    0.180061] smp: Bringing up secondary CPUs ...
[    0.184007] smp: Brought up 1 node, 1 CPU
[    0.185343] smpboot: Max logical packages: 1
[    0.187068] smpboot: Total of 1 processors activated (5423.99 BogoMIPS)
[    0.188227] devtmpfs: initialized
[    0.192097] x86/mm: Memory block size: 128MB
[    0.196198] evm: security.selinux
[    0.197157] evm: security.SMACK64
[    0.197938] evm: security.SMACK64EXEC
[    0.200013] evm: security.SMACK64TRANSMUTE
[    0.200979] evm: security.SMACK64MMAP
[    0.201951] evm: security.apparmor
[    0.202740] evm: security.ima
[    0.204007] evm: security.capability
[    0.204987] clocksource: jiffies: mask: 0xffffffff max_cycles: 0xffffffff, max_idle_ns: 7645041785100000 ns
[    0.208025] futex hash table entries: 256 (order: 2, 16384 bytes)
[    0.210577] pinctrl core: initialized pinctrl subsystem
[    0.212160] RTC time:  3:06:03, date: 12/19/21
[    0.213472] NET: Registered protocol family 16
[    0.214558] audit: initializing netlink subsys (disabled)
[    0.216295] cpuidle: using governor ladder
[    0.217744] cpuidle: using governor menu
[    0.220018] audit: type=2000 audit(1639883168.583:1): state=initialized audit_enabled=0 res=1
[    0.223112] ACPI: bus type PCI registered
[    0.224009] acpiphp: ACPI Hot Plug PCI Controller Driver version: 0.5
[    0.226288] PCI: Using configuration type 1 for base access
[    0.229522] HugeTLB registered 2.00 MiB page size, pre-allocated 0 pages
[    0.232186] ACPI: Added _OSI(Module Device)
[    0.233171] ACPI: Added _OSI(Processor Device)
[    0.234145] ACPI: Added _OSI(3.0 _SCP Extensions)
[    0.235155] ACPI: Added _OSI(Processor Aggregator Device)
[    0.236022] ACPI: Added _OSI(Linux-Dell-Video)
[    0.237057] ACPI: Added _OSI(Linux-Lenovo-NV-HDMI-Audio)
[    0.238475] ACPI: Added _OSI(Linux-HPI-Hybrid-Graphics)
[    0.240278] ACPI: Executed 1 blocks of module-level executable AML code
[    0.245300] ACPI: Interpreter enabled
[    0.247183] ACPI: (supports S0 S5)
[    0.247947] ACPI: Using IOAPIC for interrupt routing
[    0.248246] PCI: Using host bridge windows from ACPI; if necessary, use "pci=nocrs" and report a bug
[    0.250420] ACPI: Enabled 2 GPEs in block 00 to 07
[    0.258008] ACPI: PCI Root Bridge [PCI0] (domain 0000 [bus 00-ff])
[    0.259875] acpi PNP0A03:00: _OSC: OS supports [ASPM ClockPM Segments MSI]
[    0.260461] acpi PNP0A03:00: _OSC: not requesting OS control; OS requires [ExtendedConfig ASPM ClockPM MSI]
[    0.262032] acpi PNP0A03:00: fail to add MMCONFIG information, can't access extended PCI configuration space under this bridge.
[    0.264509] PCI host bridge to bus 0000:00
[    0.265802] pci_bus 0000:00: root bus resource [io  0x0000-0x0cf7 window]
[    0.268010] pci_bus 0000:00: root bus resource [io  0x0d00-0xffff window]
[    0.269539] pci_bus 0000:00: root bus resource [mem 0x000a0000-0x000bffff window]
[    0.272010] pci_bus 0000:00: root bus resource [mem 0x20000000-0xfdffffff window]
[    0.273674] pci_bus 0000:00: root bus resource [bus 00-ff]
[    0.277593] pci 0000:00:01.1: legacy IDE quirk: reg 0x10: [io  0x01f0-0x01f7]
[    0.278951] pci 0000:00:01.1: legacy IDE quirk: reg 0x14: [io  0x03f6]
[    0.280000] pci 0000:00:01.1: legacy IDE quirk: reg 0x18: [io  0x0170-0x0177]
[    0.280011] pci 0000:00:01.1: legacy IDE quirk: reg 0x1c: [io  0x0376]
[    0.297206] pci 0000:00:07.0: quirk: [io  0x4000-0x403f] claimed by PIIX4 ACPI
[    0.298729] pci 0000:00:07.0: quirk: [io  0x4100-0x410f] claimed by PIIX4 SMB
[    0.306352] ACPI: PCI Interrupt Link [LNKA] (IRQs 5 9 10 *11)
[    0.307867] ACPI: PCI Interrupt Link [LNKB] (IRQs 5 9 *10 11)
[    0.308119] ACPI: PCI Interrupt Link [LNKC] (IRQs 5 *9 10 11)
[    0.309410] ACPI: PCI Interrupt Link [LNKD] (IRQs 5 9 10 *11)
[    0.312014] SCSI subsystem initialized
[    0.312867] pci 0000:00:02.0: vgaarb: setting as boot VGA device
[    0.314530] pci 0000:00:02.0: vgaarb: VGA device added: decodes=io+mem,owns=io+mem,locks=none
[    0.316011] pci 0000:00:02.0: vgaarb: bridge control possible
[    0.317776] vgaarb: loaded
[    0.318401] ACPI: bus type USB registered
[    0.319213] usbcore: registered new interface driver usbfs
[    0.320028] usbcore: registered new interface driver hub
[    0.321229] usbcore: registered new device driver usb
[    0.322439] EDAC MC: Ver: 3.0.0
[    0.324047] PCI: Using ACPI for IRQ routing
[    0.325375] NetLabel: Initializing
[    0.326355] NetLabel:  domain hash size = 128
[    0.327242] NetLabel:  protocols = UNLABELED CIPSOv4 CALIPSO
[    0.328035] NetLabel:  unlabeled traffic allowed by default
[    0.329310] clocksource: Switched to clocksource kvm-clock
[    0.347991] VFS: Disk quotas dquot_6.6.0
[    0.349075] VFS: Dquot-cache hash table entries: 512 (order 0, 4096 bytes)
[    0.350784] AppArmor: AppArmor Filesystem Enabled
[    0.351970] pnp: PnP ACPI init
[    0.354873] pnp: PnP ACPI: found 3 devices
[    0.361879] clocksource: acpi_pm: mask: 0xffffff max_cycles: 0xffffff, max_idle_ns: 2085701024 ns
[    0.364165] NET: Registered protocol family 2
[    0.365229] IP idents hash table entries: 8192 (order: 4, 65536 bytes)
[    0.366686] TCP established hash table entries: 4096 (order: 3, 32768 bytes)
[    0.368217] TCP bind hash table entries: 4096 (order: 4, 65536 bytes)
[    0.369490] TCP: Hash tables configured (established 4096 bind 4096)
[    0.371033] UDP hash table entries: 256 (order: 1, 8192 bytes)
[    0.373042] UDP-Lite hash table entries: 256 (order: 1, 8192 bytes)
[    0.375113] NET: Registered protocol family 1
[    0.376137] pci 0000:00:00.0: Limiting direct PCI/PCI transfers
[    0.381104] pci 0000:00:01.0: Activating ISA DMA hang workarounds
[    0.383157] pci 0000:00:02.0: Video device with shadowed ROM at [mem 0x000c0000-0x000dffff]
[    0.384920] Unpacking initramfs...
[    0.740175] Freeing initrd memory: 19536K
[    0.742205] clocksource: tsc: mask: 0xffffffffffffffff max_cycles: 0x27178451938, max_idle_ns: 440795251172 ns
[    0.752880] platform rtc_cmos: registered platform RTC device (no PNP device found)
[    0.755642] Scanning for low memory corruption every 60 seconds
[    0.757717] Initialise system trusted keyrings
[    0.758809] Key type blacklist registered
[    0.760167] workingset: timestamp_bits=36 max_order=17 bucket_order=0
[    0.764001] zbud: loaded
[    0.765653] squashfs: version 4.0 (2009/01/31) Phillip Lougher
[    0.767916] fuse init (API version 7.26)
[    0.769812] Key type asymmetric registered
[    0.770657] Asymmetric key parser 'x509' registered
[    0.773497] Block layer SCSI generic (bsg) driver version 0.4 loaded (major 246)
[    0.775900] io scheduler noop registered
[    0.777138] io scheduler deadline registered
[    0.778257] io scheduler cfq registered (default)
[    0.779651] ACPI: AC Adapter [AC] (on-line)
[    0.780635] input: Power Button as /devices/LNXSYSTM:00/LNXPWRBN:00/input/input0
[    0.782123] ACPI: Power Button [PWRF]
[    0.783054] input: Sleep Button as /devices/LNXSYSTM:00/LNXSLPBN:00/input/input1
[    0.784989] ACPI: Sleep Button [SLPF]
[    0.786848] ACPI: Battery Slot [BAT0] (battery present)
[    0.788712] Serial: 8250/16550 driver, 32 ports, IRQ sharing enabled
[    0.811545] 00:02: ttyS0 at I/O 0x3f8 (irq = 4, base_baud = 115200) is a 16550A
[    0.814205] Linux agpgart interface v0.103
[    0.816103] loop: module loaded
[    0.817458] scsi host0: ata_piix
[    0.818390] scsi host1: ata_piix
[    0.819178] ata1: PATA max UDMA/33 cmd 0x1f0 ctl 0x3f6 bmdma 0xd000 irq 14
[    0.820541] ata2: PATA max UDMA/33 cmd 0x170 ctl 0x376 bmdma 0xd008 irq 15
[    0.822289] libphy: Fixed MDIO Bus: probed
[    0.823343] tun: Universal TUN/TAP device driver, 1.6
[    0.824427] PPP generic driver version 2.4.2
[    0.825402] ehci_hcd: USB 2.0 'Enhanced' Host Controller (EHCI) Driver
[    0.826631] ehci-pci: EHCI PCI platform driver
[    0.827612] ehci-platform: EHCI generic platform driver
[    0.828705] ohci_hcd: USB 1.1 'Open' Host Controller (OHCI) Driver
[    0.830657] ohci-pci: OHCI PCI platform driver
[    0.831623] ohci-platform: OHCI generic platform driver
[    0.832726] uhci_hcd: USB Universal Host Controller Interface driver
[    0.834045] i8042: PNP: PS/2 Controller [PNP0303:PS2K,PNP0f03:PS2M] at 0x60,0x64 irq 1,12
[    0.836133] serio: i8042 KBD port at 0x60,0x64 irq 1
[    0.837294] serio: i8042 AUX port at 0x60,0x64 irq 12
[    0.838382] mousedev: PS/2 mouse device common for all mice
[    0.839746] input: AT Translated Set 2 keyboard as /devices/platform/i8042/serio0/input/input2
[    0.842220] rtc_cmos rtc_cmos: rtc core: registered rtc_cmos as rtc0
[    0.843800] rtc_cmos rtc_cmos: alarms up to one day, 114 bytes nvram
[    0.845315] i2c /dev entries driver
[    0.846058] device-mapper: uevent: version 1.0.3
[    0.847012] device-mapper: ioctl: 4.37.0-ioctl (2017-09-20) initialised: dm-devel@redhat.com
[    0.849215] ledtrig-cpu: registered to indicate activity on CPUs
[    0.850725] intel_pmc_core:  initialized
[    0.851901] NET: Registered protocol family 10
[    0.856777] Segment Routing with IPv6
[    0.863433] NET: Registered protocol family 17
[    0.864468] Key type dns_resolver registered
[    0.865522] mce: Using 0 MCE banks
[    0.867029] RAS: Correctable Errors collector initialized.
[    0.867875] sched_clock: Marking stable (864403087, 0)->(1079700997, -215297910)
[    0.869323] registered taskstats version 1
[    0.870239] Loading compiled-in X.509 certificates
[    0.873079] Loaded X.509 cert 'Build time autogenerated kernel key: f60a4c8d126e94dbf36c5faa43fb49029eeea9a9'
[    0.875599] Loaded X.509 cert 'Canonical Ltd. Live Patch Signing: 14df34d1a87cf37625abec039ef2bf521249b969'
[    0.878140] Loaded X.509 cert 'Canonical Ltd. Kernel Module Signing: 88f752e560a1e0737e31163a466ad7b70a850c19'
[    0.880096] zswap: loaded using pool lzo/zbud
[    0.883902] Key type big_key registered
[    0.884816] Key type trusted registered
[    0.887060] Key type encrypted registered
[    0.887943] AppArmor: AppArmor sha1 policy hashing enabled
[    0.889078] ima: No TPM chip found, activating TPM-bypass! (rc=-19)
[    0.890299] ima: Allocated hash algorithm: sha1
[    0.891260] evm: HMAC attrs: 0x1
[    0.892260]   Magic number: 1:844:108
[    0.893116] rtc_cmos rtc_cmos: setting system clock to 2021-12-19 03:06:04 UTC (1639883164)
[    0.894838] BIOS EDD facility v0.16 2004-Jun-25, 0 devices found
[    0.896006] EDD information not available.
[    1.005513] Freeing unused kernel image memory: 2448K
[    1.012385] Write protecting the kernel read-only data: 20480k
[    1.014240] Freeing unused kernel image memory: 2008K
[    1.015708] Freeing unused kernel image memory: 1824K
[    1.028953] x86/mm: Checked W+X mappings: passed, no W+X pages found.
[    1.030542] x86/mm: Checking user space page tables
[    1.038304] x86/mm: Checked W+X mappings: passed, no W+X pages found.
Loading, please wait...
starting version 237
[    1.153515] Fusion MPT base driver 3.04.20
[    1.154766] Copyright (c) 1999-2008 LSI Corporation
[    1.163167] e1000: Intel(R) PRO/1000 Network Driver - version 7.3.21-k8-NAPI
[    1.168616] e1000: Copyright (c) 1999-2006 Intel Corporation.
[    1.180956] Fusion MPT SPI Host driver 3.04.20
[    1.224846] AVX2 version of gcm_enc/dec engaged.
[    1.226056] AES CTR mode by8 optimization enabled
[    1.378453] input: ImExPS/2 Generic Explorer Mouse as /devices/platform/i8042/serio1/input/input4
[    1.630950] e1000 0000:00:03.0 eth0: (PCI:33MHz:32-bit) 02:29:e0:c3:be:94
[    1.632353] e1000 0000:00:03.0 eth0: Intel(R) PRO/1000 Network Connection
[    1.635473] e1000 0000:00:03.0 enp0s3: renamed from eth0
[    1.637900] mptbase: ioc0: Initiating bringup
[    1.732268] ioc0: LSI53C1030 A0: Capabilities={Initiator}
[    1.972794] scsi host2: ioc0: LSI53C1030 A0, FwRev=00000000h, Ports=1, MaxQ=256, IRQ=20
[    2.140340] scsi 2:0:0:0: Direct-Access     VBOX     HARDDISK         1.0  PQ: 0 ANSI: 5
[    2.142816] scsi target2:0:0: Beginning Domain Validation
[    2.145561] random: fast init done
[    2.146819] scsi target2:0:0: Domain Validation skipping write tests
[    2.148142] scsi target2:0:0: Ending Domain Validation
[    2.149756] scsi target2:0:0: asynchronous
[    2.151663] scsi 2:0:1:0: Direct-Access     VBOX     HARDDISK         1.0  PQ: 0 ANSI: 5
[    2.153556] scsi target2:0:1: Beginning Domain Validation
[    2.155398] scsi target2:0:1: Domain Validation skipping write tests
[    2.156929] scsi target2:0:1: Ending Domain Validation
[    2.158700] scsi target2:0:1: asynchronous
[    2.163527] random: systemd-udevd: uninitialized urandom read (16 bytes read)
[    2.165775] random: systemd-udevd: uninitialized urandom read (16 bytes read)
[    2.167101] random: systemd-udevd: uninitialized urandom read (16 bytes read)
[    2.170081] sd 2:0:0:0: Attached scsi generic sg0 type 0
[    2.171525] sd 2:0:0:0: [sda] 83886080 512-byte logical blocks: (42.9 GB/40.0 GiB)
[    2.173272] sd 2:0:0:0: [sda] Write Protect is off
[    2.174357] sd 2:0:1:0: [sdb] 20480 512-byte logical blocks: (10.5 MB/10.0 MiB)
[    2.175999] sd 2:0:1:0: [sdb] Write Protect is off
[    2.178141] sd 2:0:1:0: Attached scsi generic sg1 type 0
[    2.180059] sd 2:0:0:0: [sda] Incomplete mode parameter data
[    2.182618] sd 2:0:0:0: [sda] Assuming drive cache: write through
[    2.184927] sd 2:0:1:0: [sdb] Incomplete mode parameter data
[    2.186127] sd 2:0:1:0: [sdb] Assuming drive cache: write through
[    2.479632]  sda: sda1
[    2.481360] sd 2:0:1:0: [sdb] Attached SCSI disk
[    2.487496] sd 2:0:0:0: [sda] Attached SCSI disk
Begin: Loading essential drivers ... [    4.052601] raid6: sse2x1   gen()  9738 MB/s
[    4.116438] raid6: sse2x1   xor()  7128 MB/s
[    4.178559] raid6: sse2x2   gen() 11571 MB/s
[    4.242504] raid6: sse2x2   xor()  8898 MB/s
[    4.306313] raid6: sse2x4   gen() 12650 MB/s
[    4.367135] raid6: sse2x4   xor()  8068 MB/s
[    4.431065] raid6: avx2x1   gen() 19242 MB/s
[    4.494930] raid6: avx2x1   xor() 13669 MB/s
[    4.558803] raid6: avx2x2   gen() 22528 MB/s
[    4.604145] raid6: avx2x2   xor() 13695 MB/s
[    4.674289] raid6: avx2x4   gen() 31042 MB/s
[    4.738137] raid6: avx2x4   xor() 16504 MB/s
[    4.739154] raid6: using algorithm avx2x4 gen() 31042 MB/s
[    4.740395] raid6: .... xor() 16504 MB/s, rmw enabled
[    4.741466] raid6: using avx2x2 recovery algorithm
[    4.745397] xor: automatically using best checksumming function   avx       
[    4.749444] async_tx: api initialized (async)
done.
Begin: Running /scripts/init-premount ... done.
Begin: Mounting root file system ... Begin: Running /scripts/local-top ... done.
Begin: Running /scripts/local-premount ... [    4.821106] Btrfs loaded, crc32c=crc32c-intel
Scanning for Btrfs filesystems
done.
Warning: fsck not present, so skipping root file system
[    4.879178] EXT4-fs (sda1): mounted filesystem with ordered data mode. Opts: (null)
done.
Begin: Running /scripts/local-bottom ... done.
Begin: Running /scripts/init-bottom ... done.
[    5.146936] ip_tables: (C) 2000-2006 Netfilter Core Team
[    5.160746] systemd[1]: systemd 237 running in system mode. (+PAM +AUDIT +SELINUX +IMA +APPARMOR +SMACK +SYSVINIT +UTMP +LIBCRYPTSETUP +GCRYPT +GNUTLS +ACL +XZ +LZ4 +SECCOMP +BLKID +ELFUTILS +KMOD -IDN2 +IDN -PCRE2 default-hierarchy=hybrid)
[    5.165244] systemd[1]: Detected virtualization oracle.
[    5.166600] systemd[1]: Detected architecture x86-64.

Welcome to [1mUbuntu 18.04.6 LTS[0m!

[    5.173217] systemd[1]: Set hostname to <ubuntu>.
[    5.180325] systemd[1]: Initializing machine ID from random generator.
[    5.181587] systemd[1]: Installed transient /etc/machine-id file.
[    5.606692] systemd[1]: Created slice System Slice.
[[0;32m  OK  [0m] Created slice System Slice.
[    5.608867] systemd[1]: Listening on Journal Socket.
[[0;32m  OK  [0m] Listening on Journal Socket.
[    5.610609] systemd[1]: Reached target System Time Synchronized.
[[0;32m  OK  [0m] Reached target System Time Synchronized.
[    5.613003] systemd[1]: Listening on udev Control Socket.
[[0;32m  OK  [0m] Listening on udev Control Socket.
         Mounting Huge Pages File System...
         Mounting Kernel Debug File System...
[[0;32m  OK  [0m] Listening on Network Service Netlink Socket.
[[0;32m  OK  [0m] Listening on udev Kernel Socket.
[[0;32m  OK  [0m] Listening on Device-mapper event daemon FIFOs.
[[0;32m  OK  [0m] Created slice system-serial\x2dgetty.slice.
         Starting udev Coldplug all Devices...
[[0;32m  OK  [0m] Started Forward Password Requests to Wall Directory Watch.
         Starting Load Kernel Modules...
         Mounting POSIX Message Queue File System...
[[0;32m  OK  [0m] Listening on LVM2 metadata daemon socket.
         Starting Monitoring of LVM2 mirrors…ng dmeventd or progress polling...
[    5.667807] Loading iSCSI transport class v2.0-870.
[[0;32m  OK  [0m] Listening on Journal Socket (/dev/log).
[[0;32m  OK  [0m] Listening on /dev/initctl Compatibility Named Pipe.
         Starting Set the console keyboard layout...
[[0;32m  OK  [0m] Created slice User and Session Slice.
[[0;32m  OK  [0m] Reached target Slices.
[[0;32m  OK  [0m] Listening on Syslog Socket.
         Starting Uncomplicated firewall...
[[0;32m  OK  [0m] Reached target Swap.
[[0;32m  OK  [0m] Set up automount Arbitrary Executab…rmats File System Automount Point.
[    5.709669] iscsi: registered transport (tcp)
[    5.728739] iscsi: registered transport (iser)
[[0;32m  OK  [0m] Reached target User and Group Name Lookups.
[[0;32m  OK  [0m] Listening on LVM2 poll daemon socket.
[[0;32m  OK  [0m] Listening on Journal Audit Socket.
         Starting Journal Service...
         Starting Create list of required st…ce nodes for the current kernel...
[[0;32m  OK  [0m] Listening on fsck to fsckd communication Socket.
         Starting File System Check on Root Device...
[[0;32m  OK  [0m] Mounted Huge Pages File System.
[[0;32m  OK  [0m] Mounted Kernel Debug File System.
[[0;32m  OK  [0m] Started Load Kernel Modules.
[[0;32m  OK  [0m] Mounted POSIX Message Queue File System.
[[0;32m  OK  [0m] Started Uncomplicated firewall.
[[0;32m  OK  [0m] Started LVM2 metadata daemon.
         Mounting FUSE Control File System...
         Starting Apply Kernel Variables...
         Mounting Kernel Configuration File System...
[[0;32m  OK  [0m] Started Journal Service.
[[0;32m  OK  [0m] Mounted FUSE Control File System.
[[0;32m  OK  [0m] Started Create list of required sta…vice nodes for the current kernel.
[[0;32m  OK  [0m] Mounted Kernel Configuration File System.
         Starting Create Static Device Nodes in /dev...
[[0;32m  OK  [0m] Started File System Check Daemon to report status.
[[0;32m  OK  [0m] Started udev Coldplug all Devices.
[[0;32m  OK  [0m] Started Create Static Device Nodes in /dev.
[[0;32m  OK  [0m] Started Monitoring of LVM2 mirrors,…sing dmeventd or progress polling.
[[0;32m  OK  [0m] Started Apply Kernel Variables.
[[0;32m  OK  [0m] Started File System Check on Root Device.
         Starting Remount Root and Kernel File Systems...
[[0;32m  OK  [0m] Started Remount Root and Kernel File Systems.
         Starting udev Kernel Device Manager...
         Starting Flush Journal to Persistent Storage...
         Starting Load/Save Random Seed...
[[0;32m  OK  [0m] Started udev Kernel Device Manager.
[[0;32m  OK  [0m] Started Load/Save Random Seed.
[[0;32m  OK  [0m] Started Flush Journal to Persistent Storage.
[[0;32m  OK  [0m] Found device /dev/ttyS0.
[[0;32m  OK  [0m] Listening on Load/Save RF Kill Switch Status /dev/rfkill Watch.
[[0;32m  OK  [0m] Started Set the console keyboard layout.
[[0;32m  OK  [0m] Reached target Local File Systems (Pre).
[[0;32m  OK  [0m] Reached target Local File Systems.
         Starting AppArmor initialization...
         Starting Tell Plymouth To Write Out Runtime Data...
         Starting Set console font and keymap...
         Starting Create Volatile Files and Directories...
         Starting ebtables ruleset management...
         Starting Commit a transient machine-id on disk...
[[0;32m  OK  [0m] Started Dispatch Password Requests to Console Directory Watch.
[[0;32m  OK  [0m] Reached target Local Encrypted Volumes.
[[0;32m  OK  [0m] Started Tell Plymouth To Write Out Runtime Data.
[[0;32m  OK  [0m] Started Commit a transient machine-id on disk.
[[0;32m  OK  [0m] Started ebtables ruleset management.
[[0;32m  OK  [0m] Started Create Volatile Files and Directories.
         Starting Update UTMP about System Boot/Shutdown...
[[0;32m  OK  [0m] Started Update UTMP about System Boot/Shutdown.
[[0;32m  OK  [0m] Started AppArmor initialization.
         Starting Load AppArmor profiles managed internally by snapd...
         Starting Initial cloud-init job (pre-networking)...
[[0;32m  OK  [0m] Started Load AppArmor profiles managed internally by snapd.
[[0;32m  OK  [0m] Started Set console font and keymap.
[   14.186864] cloud-init[792]: Cloud-init v. 21.4-0ubuntu1~18.04.1 running 'init-local' at Sun, 19 Dec 2021 03:06:16 +0000. Up 12.66 seconds.
[[0;32m  OK  [0m] Started Initial cloud-init job (pre-networking).
[[0;32m  OK  [0m] Reached target Network (Pre).
         Starting Network Service...
[[0;32m  OK  [0m] Started Network Service.
         Starting Network Name Resolution...
         Starting Wait for Network to be Configured...
[[0;32m  OK  [0m] Started Network Name Resolution.
[[0;32m  OK  [0m] Reached target Network.
[[0;32m  OK  [0m] Reached target Host and Network Name Lookups.
[[0;32m  OK  [0m] Started Wait for Network to be Configured.
         Starting Initial cloud-init job (metadata service crawler)...
[   16.878714] cloud-init[905]: Cloud-init v. 21.4-0ubuntu1~18.04.1 running 'init' at Sun, 19 Dec 2021 03:06:20 +0000. Up 16.68 seconds.
[   16.892355] cloud-init[905]: ci-info: ++++++++++++++++++++++++++++++++++++++Net device info++++++++++++++++++++++++++++++++++++++
[   16.894887] cloud-init[905]: ci-info: +--------+------+----------------------------+---------------+--------+-------------------+
[   16.896185] cloud-init[905]: ci-info: | Device |  Up  |          Address           |      Mask     | Scope  |     Hw-Address    |
[   16.897925] cloud-init[905]: ci-info: +--------+------+----------------------------+---------------+--------+-------------------+
[   16.900258] cloud-init[905]: ci-info: | enp0s3 | True |         10.0.2.15          | 255.255.255.0 | global | 02:29:e0:c3:be:94 |
[   16.901596] cloud-init[905]: ci-info: | enp0s3 | True | fe80::29:e0ff:fec3:be94/64 |       .       |  link  | 02:29:e0:c3:be:94 |
[   16.903195] cloud-init[905]: ci-info: |   lo   | True |         127.0.0.1          |   255.0.0.0   |  host  |         .         |
[   16.904214] cloud-init[905]: ci-info: |   lo   | True |          ::1/128           |       .       |  host  |         .         |
[   16.905044] cloud-init[905]: ci-info: +--------+------+----------------------------+---------------+--------+-------------------+
[   16.908169] cloud-init[905]: ci-info: ++++++++++++++++++++++++++++Route IPv4 info+++++++++++++++++++++++++++++
[   16.909663] cloud-init[905]: ci-info: +-------+-------------+----------+-----------------+-----------+-------+
[   16.914858] cloud-init[905]: ci-info: | Route | Destination | Gateway  |     Genmask     | Interface | Flags |
[   16.916237] cloud-init[905]: ci-info: +-------+-------------+----------+-----------------+-----------+-------+
[   16.917506] cloud-init[905]: ci-info: |   0   |   0.0.0.0   | 10.0.2.2 |     0.0.0.0     |   enp0s3  |   UG  |
[   16.919881] cloud-init[905]: ci-info: |   1   |   10.0.2.0  | 0.0.0.0  |  255.255.255.0  |   enp0s3  |   U   |
[   16.924892] cloud-init[905]: ci-info: |   2   |   10.0.2.2  | 0.0.0.0  | 255.255.255.255 |   enp0s3  |   UH  |
[   16.926231] cloud-init[905]: ci-info: +-------+-------------+----------+-----------------+-----------+-------+
[   16.929497] cloud-init[905]: ci-info: +++++++++++++++++++Route IPv6 info+++++++++++++++++++
[   16.931599] cloud-init[905]: ci-info: +-------+-------------+---------+-----------+-------+
[   16.932878] cloud-init[905]: ci-info: | Route | Destination | Gateway | Interface | Flags |
[   16.934797] cloud-init[905]: ci-info: +-------+-------------+---------+-----------+-------+
[   16.938259] cloud-init[905]: ci-info: |   1   |  fe80::/64  |    ::   |   enp0s3  |   U   |
[   16.943931] cloud-init[905]: ci-info: |   3   |    local    |    ::   |   enp0s3  |   U   |
[   16.948226] cloud-init[905]: ci-info: |   4   |   ff00::/8  |    ::   |   enp0s3  |   U   |
[   16.949443] cloud-init[905]: ci-info: +-------+-------------+---------+-----------+-------+
[   17.936493] cloud-init[905]: Generating public/private rsa key pair.
[   17.937256] cloud-init[905]: Your identification has been saved in /etc/ssh/ssh_host_rsa_key.
[   17.954978] cloud-init[905]: Your public key has been saved in /etc/ssh/ssh_host_rsa_key.pub.
[   17.956028] cloud-init[905]: The key fingerprint is:
[   17.956828] cloud-init[905]: SHA256:ju5t9E7XEO/w359gxgQmkMzDmyJEW+gzTtwnLo3ykAo root@ubuntu-bionic
[   17.957869] cloud-init[905]: The key's randomart image is:
[   17.960305] cloud-init[905]: +---[RSA 2048]----+
[   17.960937] cloud-init[905]: |  ....+..        |
[   17.979867] cloud-init[905]: |   oo  *.        |
[   17.980618] cloud-init[905]: |  +..   +. o.    |
[   17.981309] cloud-init[905]: |   B + +  o .o   |
[   17.982000] cloud-init[905]: |  + B + S   o..  |
[   17.992303] cloud-init[905]: |E+ + o o.   o*   |
[   17.992870] cloud-init[905]: |o + . ..... .=+  |
[   17.993583] cloud-init[905]: |.  . . .....o ..o|
[   17.994213] cloud-init[905]: |     .o....    .=|
[   17.994929] cloud-init[905]: +----[SHA256]-----+
[   18.004515] cloud-init[905]: Generating public/private dsa key pair.
[[   18.030528] cloud-init[905]: Your identification has been saved in /etc/ssh/ssh_host_dsa_key.
[   18.031758] cloud-init[0;32m  OK  [0m] Started Initial cloud-init job (metadata service crawler).
[[0;32m  OK  [0m] Reached target Cloud-config availability.
[[0;32m  OK  [0m] Reached target Network is Online.
[905]: Your public key has been saved in /etc/ssh/ssh_host_dsa_key.pub.
[   18.035423] cloud-init[905]: The key fingerprint is:
         [   18.046496] cloud-init[905]: SHA256:vIig6yww6yGeNGNIr2QUSUVLhyJwT7gyrvXi4ZZWfoo root@ubuntu-bionic
Starting Availability of block devices...
[[0;32m  OK  [0m] Reached target Remote File Systems (Pre).
[[0;32m  OK  [0m] Reached target Remote File Systems.
[[0;32m  OK  [0m] Reached target System Initialization.
[[0;32m  OK  [0m] Started Message of the Day.
[[0;32m  OK  [0m] Listening on ACPID Listen Socket.
[   18.050109] cloud-init[905]: The key's randomart image is:
[   18.068830] cloud-init[905]: +---[DSA 1024]----+
[   18.069594] cloud-init[905]: |o.+=o.           |
[   18.070415] cloud-init[905]: |oo++o            |
[   18.071232] cloud-init[905]: |.o.o.            |
[   18.072137] cloud-init[905]: |o o    .         |
[   18.072897] cloud-init[905]: |.=.     S        |
[   18.073614] cloud-init[905]: |*oo... . .       |
[   18.074338] cloud-init[905]: |*%.*. . .        |
[   18.074955] cloud-init[905]: |%o@oo .          |
[   18.075635] cloud-init[905]: |=@E..o           |
[   18.076448] cloud-init[905]: +----[SHA256]-----+
[   18.077116] cloud-init[905]: Generating public/private ecdsa key pair.
[   18.077897] cloud-init[905]: Your identification has been saved in /etc/ssh/ssh_host_ecdsa_key.
[   18.078984] cloud-init[905]: Your public key has been saved in /etc/ssh/ssh_host_ecdsa_key.pub.
[   18.080145] [[0;32m  OK  [0m] Started Trigger to poll for Ubuntu …(Only enabled on GCP LTS non-pro).
[[0;32m  OK  [0m] Listening on D-Bus System Message Bus Socket.
[[0;32m  OK  [0m] Listening on UUID daemon activation socket.
cloud-init[905]: The key fingerprint is:
         Starting Socket activation for snappy daemon.
[   18.086479] cloud-init[905]: SHA256:E6XQrv7r4nc1qC6ly56GWA9ntw+XQRgCslWpNX3xdgE root@ubuntu-bionic
[   18.088214] cloud-init[905]: The key's randomart image is:
[   18.090177] cloud-init[905]: +---[ECDSA 256]---+
[[0;32m  OK  [0m] Started ACPI Events Check.
[   18.091567] cloud-init[905]: |  . oo++. o.E..  |[[0;32m  OK  [0m] Reached target Paths.
[[0;32m  OK  [0m] Started Daily apt download activities.
[[0;32m  OK  [0m] Started Daily apt upgrade and clean activities.
[[0;32m  OK  [0m] Listening on cloud-init hotplug hook socket.
[[0;32m  OK  [0m] Started Discard unused blocks once a week.
[[0;32m  OK  [0m] Started Daily Cleanup of Temporary Directories.

[   18.106123] cloud-init[905]: |   +  +oo=..   . |
[   18.107641] cloud-init[905]: |  .  o o+.. o .  |
[   18.108494] cloud-init[905]: |    .   .o . .   |
[   18.109108] cloud-init[905]: |       .S ..     |
[   18.109883] cloud-init[905]: |    o + o..oo    |
[   18.110644] cloud-init[905]: |   o B +.oo. .   |
[   18.111348] cloud-init[905]: |  . ..B.+o.      |
[[0;32m  OK  [0m] Listening on Open-iSCSI iscsid Socket.
[   18.112659] cloud-init[905]: |     +*O=+.      |
[   18.113871] cloud-init[905]: +----[SHA256]-----+
[   18.114553] cloud-init[905]: Generating public/private ed25519 key pair.
[   18.115492] cloud-init[905]: Your identification has been saved in /etc/ssh/ssh_host_ed25519_key.
[   18.116653] cloud-init[905]: Your public key has been saved in /etc/ssh/ssh_host_ed25519_key.pub.
[   18.117947] cloud-init[905]: The key fingerprint is:
[   18.118821] cloud-init[905]: SHA256:q0UUurYkZjFqwk94ySXM74JrP/LxdYS7gyFTx8YPpg4 root@ubuntu-bionic
[   18.120126]          Starting LXD - unix socket.
[[0;32m  OK  [0m] Started Ubuntu Advantage Timer for running repeated jobs.
[[0;32m  OK  [0m] Reached target Timers.
cloud-init[905]: The key's randomart image is:
[[0;32m  OK  [0m] Started Availability of block devices.
[   18.134999] cloud-init[905]: +--[ED25519 256]--+
[[0;32m  OK  [0m] Listening on Socket activation for snappy daemon.
[[0;32m  OK  [0m] Listening on LXD - unix socket.
[[0;32m  OK  [0m] Reached target Sockets.
[   18.154125] cloud-init[905]: |        .        |
[   18.165789] cloud-init[905]: |  o    . .       |
[[0;32m  OK  [0m] Reached target Basic System.
[   18.167235] cloud-init[905]: |   +o.+ .        |
[   18.168899] cloud-init[905]: |. o.=+ X.        |
         Starting LSB: automatic crash report generation...
[   18.175376] cloud-init[[0;32m  OK  [0m] Started Deferred execution scheduler.
[[0;32m  OK  [0m] Started irqbalance daemon.
[905]: |.oo==.O.S.       |
         Starting LXD - container startup/shutdown...
[[0;32m  OK  [0m] Started D-Bus System Message Bus.
[   18.196804] cloud-init[905]: | o=E.* ooo       |
[   18.200273] cloud-init[905]: | . +=.+oo.       |
[   18.204534] cloud-init[905]: | o..+o.+o        |
[   18.207753] cloud-init[905]: |..+o.....        |
[   18.208988] cloud-init[905]: +----[SHA256]-----+
         Starting LSB: Record successful boot for GRUB...
         Starting Login Service...
[[0;32m  OK  [0m] Started Regular background program processing daemon.
         Starting Permit User Sessions...
         Starting System Logging Service...
         Starting Virtualbox guest utils...
[[0;32m  OK  [0m] Started FUSE filesystem for LXC.
         Starting Pollinate to seed the pseudo random number generator...
         Starting Accounts Service...
         S[[0;32m  OK  [0m] Stopped Unattended Upgrades Shutdown.
[[0;32m  OK  [0m] Stopped target Graphical Interface.
         Stopping Accounts Service...
[[0;32m  OK  [0m] Stopped target Cloud-init target.
         Stopping Authorization Manager...
         Stopping Session 54 of user vagrant.
[[0;32m  OK  [0m] Closed Load/Save RF Kill Switch Status /dev/rfkill Watch.
[[0;32m  OK  [0m] Stopped Execute cloud user/final scripts.
[[0;32m  OK  [0m] Stopped Apply the settings specified in cloud-config.
[[0;32m  OK  [0m] Stopped target Cloud-config availability.
[[0;32m  OK  [0m] Stopped target Multi-User System.
         Stopping LSB: automatic crash report generation...
         Stopping System Logging Service...
         Stopping D-Bus System Message Bus...
[[0;32m  OK  [0m] Stopped target Login Prompts.
         Stopping OpenBSD Secure Shell server...
[[0;32m  OK  [0m] Stopped Wait until snapd is fully seeded.
         Stopping Deferred execution scheduler...
         Stopping LSB: Record successful boot for GRUB...
         Stopping Regular background program processing daemon...
         Stopping The Apache HTTP Server...
         Stopping User Manager for UID 1000...
         Stopping FUSE filesystem for LXC...
[[0;32m  OK  [0m] Stopped target Timers.
[[0;32m  OK  [0m] Stopped Daily Cleanup of Temporary Directories.
[[0;32m  OK  [0m] Stopped Message of the Day.
[[0;32m  OK  [0m] Stopped Ubuntu Advantage Timer for running repeated jobs.
[[0;32m  OK  [0m] Stopped Daily apt upgrade and clean activities.
[[0;32m  OK  [0m] Stopped Daily apt download activities.
[[0;32m  OK  [0m] Stopped Discard unused blocks once a week.
         Stopping Getty on tty1...
         Stopping Availability of block devices...
[[0;32m  OK  [0m] Stopped Clean PHP session files every 30 mins.
[[0;32m  OK  [0m] Stopped target System Time Synchronized.
         Stopping LXD - container startup/shutdown...
         Stopping Dispatcher daemon for systemd-networkd...
         Stopping Virtualbox guest utils...
         Stopping Serial Getty on ttyS0...
         Stopping irqbalance daemon...
[[0;32m  OK  [0m] Unmounted /var/lib/lxcfs.
[[0;32m  OK  [0m] Stopped Deferred execution scheduler.
[[0;32m  OK  [0m] Stopped Accounts Service.
[[0;32m  OK  [0m] Stopped Dispatcher daemon for systemd-networkd.
[[0;32m  OK  [0m] Stopped System Logging Service.
[[0;32m  OK  [0m] Stopped Regular background program processing daemon.
[[0;32m  OK  [0m] Stopped irqbalance daemon.
[[0;32m  OK  [0m] Stopped Authorization Manager.
[[0;32m  OK  [0m] Stopped Serial Getty on ttyS0.
[[0;32m  OK  [0m] Stopped Getty on tty1.
[[0;32m  OK  [0m] Stopped OpenBSD Secure Shell server.
[[0;32m  OK  [0m] Stopped User Manager for UID 1000.
[[0;32m  OK  [0m] Stopped D-Bus System Message Bus.
[[0;32m  OK  [0m] Stopped Session 54 of user vagrant.
[[0;32m  OK  [0m] Stopped FUSE filesystem for LXC.
[[0;32m  OK  [0m] Removed slice User Slice of vagrant.
         Stopping Login Service...
[[0;32m  OK  [0m] Removed slice system-getty.slice.
[[0;32m  OK  [0m] Removed slice system-serial\x2dgetty.slice.
         Stopping Permit User Sessions...
[[0;32m  OK  [0m] Stopped LXD - container startup/shutdown.
[[0;32m  OK  [0m] Stopped Permit User Sessions.
[[0;32m  OK  [0m] Stopped LSB: Record successful boot for GRUB.
[[0;32m  OK  [0m] Stopped LSB: automatic crash report generation.
[[0;32m  OK  [0m] Stopped Virtualbox guest utils.
[[0;32m  OK  [0m] Stopped Availability of block devices.
[[0;32m  OK  [0m] Stopped Login Service.
[[0;32m  OK  [0m] Stopped target User and Group Name Lookups.
[[0;32m  OK  [0m] Stopped The Apache HTTP Server.
[[0;32m  OK  [0m] Stopped target Remote File Systems.
         Unmounting /tmp/vagrant-puppet/mani…987fd5f72c17d54c08031a1c4913b39...
         Unmounting /vagrant...
[[0;32m  OK  [0m] Stopped target Host and Network Name Lookups.
[[0;32m  OK  [0m] Stopped target Basic System.
[[0;32m  OK  [0m] Stopped target Slices.
[[0;32m  OK  [0m] Removed slice User and Session Slice.
[[0;32m  OK  [0m] Stopped target Sockets.
[[0;32m  OK  [0m] Closed ACPID Listen Socket.
[[0;32m  OK  [0m] Closed Socket activation for snappy daemon.
[[0;32m  OK  [0m] Closed Open-iSCSI iscsid Socket.
[[0;32m  OK  [0m] Closed D-Bus System Message Bus Socket.
[[0;32m  OK  [0m] Closed Syslog Socket.
[[0;32m  OK  [0m] Closed cloud-init hotplug hook socket.
[[0;32m  OK  [0m] Closed UUID daemon activation socket.
[[0;32m  OK  [0m] Closed LXD - unix socket.
[[0;32m  OK  [0m] Stopped target Paths.
[[0;32m  OK  [0m] Stopped ACPI Events Check.
[[0;32m  OK  [0m] Stopped Trigger to poll for Ubuntu …(Only enabled on GCP LTS non-pro).
[[0;32m  OK  [0m] Stopped target System Initialization.
         Stopping Load/Save Random Seed...
         Stopping Update UTMP about System Boot/Shutdown...
[[0;32m  OK  [0m] Stopped target Local Encrypted Volumes.
[[0;32m  OK  [0m] Stopped Dispatch Password Requests to Console Directory Watch.
[[0;32m  OK  [0m] Stopped Forward Password Requests to Wall Directory Watch.
[[0;32m  OK  [0m] Stopped Load/Save Random Seed.
[[0;32m  OK  [0m] Stopped Update UTMP about System Boot/Shutdown.
[[0;32m  OK  [0m] Unmounted /tmp/vagrant-puppet/manif…-1987fd5f72c17d54c08031a1c4913b39.
[[0;32m  OK  [0m] Unmounted /vagrant.
[[0;32m  OK  [0m] Stopped target Network is Online.
[[0;32m  OK  [0m] Stopped Initial cloud-init job (metadata service crawler).
[[0;32m  OK  [0m] Stopped target Remote File Systems (Pre).
[[0;32m  OK  [0m] Stopped target Network.
         Stopping Network Name Resolution...
[[0;32m  OK  [0m] Stopped Network Name Resolution.
[[0;32m  OK  [0m] Stopped Create Volatile Files and Directories.
[[0;32m  OK  [0m] Stopped target Local File Systems.
         Unmounting /run/user/1000...
         Stopping Network Service...
[[0;32m  OK  [0m] Unmounted /run/user/1000.
[[0;32m  OK  [0m] Reached target Unmount All Filesystems.
[[0;32m  OK  [0m] Stopped target Swap.
[[0;32m  OK  [0m] Stopped target Local File Systems (Pre).
[[0;32m  OK  [0m] Stopped Create Static Device Nodes in /dev.
         Stopping Monitoring of LVM2 mirrors…ng dmeventd or progress polling...
[[0;32m  OK  [0m] Stopped Monitoring of LVM2 mirrors,…sing dmeventd or progress polling.
         Stopping LVM2 metadata daemon...
[[0;32m  OK  [0m] Stopped LVM2 metadata daemon.
[[0;32m  OK  [0m] Stopped Network Service.
[[0;32m  OK  [0m] Stopped target Network (Pre).
[[0;32m  OK  [0m] Stopped Initial cloud-init job (pre-networking).
[[0;32m  OK  [0m] Stopped Remount Root and Kernel File Systems.
[[0;32m  OK  [0m] Stopped Apply Kernel Variables.
[[0;32m  OK  [0m] Stopped Load Kernel Modules.
[[0;32m  OK  [0m] Reached target Shutdown.
[[0;32m  OK  [0m] Reached target Final Step.
         Starting Power-Off...
[59248.957181] reboot: Power down
topped Accounts Service.
[[0;32m  OK  [0m] Stopped System Logging Service.
[[0;32m  OK  [0m] Stopped Dispatcher daemon for systemd-networkd.
[[0;32m  OK  [0m] Stopped Serial Getty on ttyS0.
[[0;32m  OK  [0m] Stopped Getty on tty1.
[[0;32m  OK  [0m] Stopped Authorization Manager.
[[0;32m  OK  [0m] Stopped OpenBSD Secure Shell server.
[[0;32m  OK  [0m] Stopped User Manager for UID 1000.
[[0;32m  OK  [0m] Stopped D-Bus System Message Bus.
[[0;32m  OK  [0m] Stopped Session 30 of user vagrant.
[[0;32m  OK  [0m] Stopped Availability of block devices.
[[0;32m  OK  [0m] Stopped FUSE filesystem for LXC.
[[0;32m  OK  [0m] Stopped LXD - container startup/shutdown.
[[0;32m  OK  [0m] Removed slice User Slice of vagrant.
         Stopping Login Service...
[[0;32m  OK  [0m] Removed slice system-getty.slice.
[[0;32m  OK  [0m] Removed slice system-serial\x2dgetty.slice.
         Stopping Permit User Sessions...
[[0;32m  OK  [0m] Stopped LSB: Record successful boot for GRUB.
[[0;32m  OK  [0m] Stopped Permit User Sessions.
[[0;32m  OK  [0m] Stopped LSB: automatic crash report generation.
[[0;32m  OK  [0m] Stopped target Remote File Systems.
         Unmounting /vagrant...
[[0;32m  OK  [0m] Stopped Virtualbox guest utils.
[[0;32m  OK  [0m] Stopped Login Service.
[[0;32m  OK  [0m] Unmounted /vagrant.
[[0;32m  OK  [0m] Stopped target Remote File Systems (Pre).
[[0;32m  OK  [0m] Stopped target Network is Online.
[[0;32m  OK  [0m] Stopped target User and Group Name Lookups.
[[0;32m  OK  [0m] Stopped MySQL Community Server.
[[0;32m  OK  [0m] Stopped target Network.
         Stopping Network Name Resolution...
[[0;32m  OK  [0m] Stopped target Basic System.
[[0;32m  OK  [0m] Stopped target Slices.
[[0;32m  OK  [0m] Removed slice User and Session Slice.
[[0;32m  OK  [0m] Stopped target Paths.
[[0;32m  OK  [0m] Stopped ACPI Events Check.
[[0;32m  OK  [0m] Stopped Trigger to poll for Ubuntu …(Only enabled on GCP LTS non-pro).
[[0;32m  OK  [0m] Stopped target Sockets.
[[0;32m  OK  [0m] Closed UUID daemon activation socket.
[[0;32m  OK  [0m] Closed Socket activation for snappy daemon.
[[0;32m  OK  [0m] Closed LXD - unix socket.
[[0;32m  OK  [0m] Closed D-Bus System Message Bus Socket.
[[0;32m  OK  [0m] Closed cloud-init hotplug hook socket.
[[0;32m  OK  [0m] Closed Syslog Socket.
[[0;32m  OK  [0m] Closed Open-iSCSI iscsid Socket.
[[0;32m  OK  [0m] Closed ACPID Listen Socket.
[[0;32m  OK  [0m] Stopped target System Initialization.
[[0;32m  OK  [0m] Stopped Initial cloud-init job (metadata service crawler).
[[0;32m  OK  [0m] Stopped Commit a transient machine-id on disk.
[[0;32m  OK  [0m] Stopped target Local Encrypted Volumes.
[[0;32m  OK  [0m] Stopped Forward Password Requests to Wall Directory Watch.
[[0;32m  OK  [0m] Stopped Dispatch Password Requests to Console Directory Watch.
         Stopping Update UTMP about System Boot/Shutdown...
         Stopping Load/Save Random Seed...
[[0;32m  OK  [0m] Stopped Network Name Resolution.
         Stopping Network Service...
[[0;32m  OK  [0m] Stopped Update UTMP about System Boot/Shutdown.
[[0;32m  OK  [0m] Stopped Create Volatile Files and Directories.
[[0;32m  OK  [0m] Stopped target Local File Systems.
         Unmounting /run/user/1000...
[[0;32m  OK  [0m] Stopped Load/Save Random Seed.
[[0;32m  OK  [0m] Stopped Network Service.
[[0;32m  OK  [0m] Stopped target Network (Pre).
[[0;32m  OK  [0m] Stopped Initial cloud-init job (pre-networking).
[[0;32m  OK  [0m] Stopped Apply Kernel Variables.
[[0;32m  OK  [0m] Stopped Load Kernel Modules.
[[0;32m  OK  [0m] Unmounted /run/user/1000.
[[0;32m  OK  [0m] Reached target Unmount All Filesystems.
[[0;32m  OK  [0m] Stopped target Swap.
[[0;32m  OK  [0m] Stopped target Local File Systems (Pre).
[[0;32m  OK  [0m] Stopped Remount Root and Kernel File Systems.
[[0;32m  OK  [0m] Stopped Create Static Device Nodes in /dev.
[[0;32m  OK  [0m] Reached target Shutdown.
[[0;32m  OK  [0m] Reached target Final Step.
         Starting Power-Off...
         Stopping Monitoring of LVM2 mirrors…ng dmeventd or progress polling...
[59080.710799] reboot: Power down
48] reboot: Power down

[57776.498617] reboot: Power down
